<?xml version="1.0" encoding="UTF-8"?>
<!-- Generated by org.testng.reporters.JUnitReportReporter -->
<testsuite skipped="0" hostname="DESKTOP-U3TR6TQ" name="basicsOfTestNG.Test1" tests="1" failures="0" timestamp="20 Mar 2023 07:23:49 GMT" time="0.013" errors="0">
  <testcase name="testCase1" time="0.013" classname="basicsOfTestNG.Test1"/>
</testsuite> <!-- basicsOfTestNG.Test1 -->
