<?xml version="1.0" encoding="UTF-8"?>
<!-- Generated by org.testng.reporters.JUnitReportReporter -->
<testsuite skipped="0" hostname="DESKTOP-U3TR6TQ" name="testNGConcepts.HardAssertExample" tests="1" failures="0" timestamp="21 Mar 2023 10:53:30 GMT" time="0.022" errors="0">
  <testcase name="testCase1" time="0.022" classname="testNGConcepts.HardAssertExample"/>
</testsuite> <!-- testNGConcepts.HardAssertExample -->
